{"level":"info","message":"✅ Database connected successfully","timestamp":"2026-05-13 10:33:47"}
{"level":"info","message":"🚀 Server running on port 5000","timestamp":"2026-05-13 10:33:47"}
{"level":"info","message":"📝 Logs are being written to /logs directory","timestamp":"2026-05-13 10:33:47"}
{"level":"info","message":"🔐 Super Admin setup: npm run create-super-admin","timestamp":"2026-05-13 10:33:47"}
{"level":"info","message":"✅ Database connected successfully","timestamp":"2026-05-13 10:34:17"}
{"level":"info","message":"🚀 Server running on port 5000","timestamp":"2026-05-13 10:34:17"}
{"level":"info","message":"📝 Logs are being written to /logs directory","timestamp":"2026-05-13 10:34:17"}
{"level":"info","message":"✅ Database connected successfully","timestamp":"2026-05-13 10:34:20"}
{"level":"info","message":"🚀 Server running on port 5000","timestamp":"2026-05-13 10:34:20"}
{"ip":"::ffff:127.0.0.1","level":"warn","message":"Authorization failed: No user in request","timestamp":"2026-05-13 10:35:44","url":"/lecturer"}
{"level":"info","message":"✅ Database connected successfully","timestamp":"2026-05-13 10:37:44"}
{"level":"info","message":"🚀 Server running on port 5000","timestamp":"2026-05-13 10:37:44"}
{"level":"info","message":"✅ Database connected successfully","timestamp":"2026-05-13 10:37:50"}
{"level":"info","message":"🚀 Server running on port 5000","timestamp":"2026-05-13 10:37:50"}
{"error":"\nInvalid `prisma.user.findUnique()` invocation in\nC:\\Users\\SAMAD\\OneDrive\\Documents\\uniProject\\server\\middlewares\\auth.js:50:36\n\n  47 // remember to remove the default later on !\n  48 \n  49 // Find user by ID and exclude password field\n→ 50 const user = await prisma.user.findUnique({\n       where: {\n         id: undefined,\n     ?   email?: String,\n     ?   matricNumber?: String,\n     ?   phoneNumber?: String,\n     ?   employeeId?: String,\n     ?   AND?: UserWhereInput | UserWhereInput[],\n     ?   OR?: UserWhereInput[],\n     ?   NOT?: UserWhereInput | UserWhereInput[],\n     ?   nameTitle?: StringNullableFilter | String | Null,\n     ?   name?: StringFilter | String,\n     ?   password?: StringFilter | String,\n     ?   role?: EnumUserRoleFilter | UserRole,\n     ?   facultyId?: StringNullableFilter | String | Null,\n     ?   departmentId?: StringNullableFilter | String | Null,\n     ?   level?: IntNullableFilter | Int | Null,\n     ?   resetPasswordToken?: StringNullableFilter | String | Null,\n     ?   resetPasswordExpires?: DateTimeNullableFilter | DateTime | Null,\n     ?   lastLoginIP?: StringNullableFilter | String | Null,\n     ?   accountStatus?: EnumAccountStatusFilter | AccountStatus,\n     ?   createdAt?: DateTimeFilter | DateTime,\n     ?   updatedAt?: DateTimeFilter | DateTime,\n     ?   specialization?: StringNullableFilter | String | Null,\n     ?   hireDate?: DateTimeNullableFilter | DateTime | Null,\n     ?   permissions?: EnumPermissionNullableListFilter,\n     ?   faculty?: FacultyNullableScalarRelationFilter | FacultyWhereInput | Null,\n     ?   department?: DepartmentNullableScalarRelationFilter | DepartmentWhereInput | Null,\n     ?   emergencyContacts?: EmergencyContactListRelationFilter,\n     ?   taughtCourses?: CourseListRelationFilter,\n     ?   headOfCourses?: CourseListRelationFilter,\n     ?   departmentHeadOf?: DepartmentNullableScalarRelationFilter | DepartmentWhereInput | Null,\n     ?   facultyHeadOf?: FacultyNullableScalarRelationFilter | FacultyWhereInput | Null,\n     ?   results?: ResultListRelationFilter,\n     ?   registrations?: RegistrationListRelationFilter,\n     ?   scores?: ScoreListRelationFilter,\n     ?   applicant?: ApplicantNullableScalarRelationFilter | ApplicantWhereInput | Null,\n     ?   courseLecturers?: CourseLecturerListRelationFilter\n       },\n       select: {\n         id: true,\n         name: true,\n         nameTitle: true,\n         email: true,\n         role: true,\n         matricNumber: true,\n         phoneNumber: true,\n         level: true,\n         facultyId: true,\n         departmentId: true,\n         accountStatus: true,\n         lastLoginIP: true,\n         createdAt: true,\n         updatedAt: true,\n         faculty: {\n           select: {\n             id: true,\n             name: true,\n             code: true\n           }\n         },\n         department: {\n           select: {\n             id: true,\n             name: true,\n             code: true\n           }\n         }\n       }\n     })\n\nArgument `where` of type UserWhereUniqueInput needs at least one of `id`, `email`, `matricNumber`, `phoneNumber` or `employeeId` arguments. Available options are marked with ?.","level":"error","message":"Authentication error","stack":"PrismaClientValidationError: \nInvalid `prisma.user.findUnique()` invocation in\nC:\\Users\\SAMAD\\OneDrive\\Documents\\uniProject\\server\\middlewares\\auth.js:50:36\n\n  47 // remember to remove the default later on !\n  48 \n  49 // Find user by ID and exclude password field\n→ 50 const user = await prisma.user.findUnique({\n       where: {\n         id: undefined,\n     ?   email?: String,\n     ?   matricNumber?: String,\n     ?   phoneNumber?: String,\n     ?   employeeId?: String,\n     ?   AND?: UserWhereInput | UserWhereInput[],\n     ?   OR?: UserWhereInput[],\n     ?   NOT?: UserWhereInput | UserWhereInput[],\n     ?   nameTitle?: StringNullableFilter | String | Null,\n     ?   name?: StringFilter | String,\n     ?   password?: StringFilter | String,\n     ?   role?: EnumUserRoleFilter | UserRole,\n     ?   facultyId?: StringNullableFilter | String | Null,\n     ?   departmentId?: StringNullableFilter | String | Null,\n     ?   level?: IntNullableFilter | Int | Null,\n     ?   resetPasswordToken?: StringNullableFilter | String | Null,\n     ?   resetPasswordExpires?: DateTimeNullableFilter | DateTime | Null,\n     ?   lastLoginIP?: StringNullableFilter | String | Null,\n     ?   accountStatus?: EnumAccountStatusFilter | AccountStatus,\n     ?   createdAt?: DateTimeFilter | DateTime,\n     ?   updatedAt?: DateTimeFilter | DateTime,\n     ?   specialization?: StringNullableFilter | String | Null,\n     ?   hireDate?: DateTimeNullableFilter | DateTime | Null,\n     ?   permissions?: EnumPermissionNullableListFilter,\n     ?   faculty?: FacultyNullableScalarRelationFilter | FacultyWhereInput | Null,\n     ?   department?: DepartmentNullableScalarRelationFilter | DepartmentWhereInput | Null,\n     ?   emergencyContacts?: EmergencyContactListRelationFilter,\n     ?   taughtCourses?: CourseListRelationFilter,\n     ?   headOfCourses?: CourseListRelationFilter,\n     ?   departmentHeadOf?: DepartmentNullableScalarRelationFilter | DepartmentWhereInput | Null,\n     ?   facultyHeadOf?: FacultyNullableScalarRelationFilter | FacultyWhereInput | Null,\n     ?   results?: ResultListRelationFilter,\n     ?   registrations?: RegistrationListRelationFilter,\n     ?   scores?: ScoreListRelationFilter,\n     ?   applicant?: ApplicantNullableScalarRelationFilter | ApplicantWhereInput | Null,\n     ?   courseLecturers?: CourseLecturerListRelationFilter\n       },\n       select: {\n         id: true,\n         name: true,\n         nameTitle: true,\n         email: true,\n         role: true,\n         matricNumber: true,\n         phoneNumber: true,\n         level: true,\n         facultyId: true,\n         departmentId: true,\n         accountStatus: true,\n         lastLoginIP: true,\n         createdAt: true,\n         updatedAt: true,\n         faculty: {\n           select: {\n             id: true,\n             name: true,\n             code: true\n           }\n         },\n         department: {\n           select: {\n             id: true,\n             name: true,\n             code: true\n           }\n         }\n       }\n     })\n\nArgument `where` of type UserWhereUniqueInput needs at least one of `id`, `email`, `matricNumber`, `phoneNumber` or `employeeId` arguments. Available options are marked with ?.\n    at ar (C:\\Users\\SAMAD\\OneDrive\\Documents\\uniProject\\server\\node_modules\\@prisma\\client\\runtime\\client.js:10:1374)\n    at zr.handleRequestError (C:\\Users\\SAMAD\\OneDrive\\Documents\\uniProject\\server\\node_modules\\@prisma\\client\\runtime\\client.js:65:7929)\n    at zr.handleAndLogRequestError (C:\\Users\\SAMAD\\OneDrive\\Documents\\uniProject\\server\\node_modules\\@prisma\\client\\runtime\\client.js:65:7581)\n    at zr.request (C:\\Users\\SAMAD\\OneDrive\\Documents\\uniProject\\server\\node_modules\\@prisma\\client\\runtime\\client.js:65:7288)\n    at process.processTicksAndRejections (node:internal/process/task_queues:103:5)\n    at async a (C:\\Users\\SAMAD\\OneDrive\\Documents\\uniProject\\server\\node_modules\\@prisma\\client\\runtime\\client.js:75:6862)\n    at async exports.verifyToken (C:\\Users\\SAMAD\\OneDrive\\Documents\\uniProject\\server\\middlewares\\auth.js:50:18)","timestamp":"2026-05-13 10:46:59"}
{"level":"info","message":"✅ Database connected successfully","timestamp":"2026-05-13 10:50:40"}
{"level":"info","message":"🚀 Server running on port 5000","timestamp":"2026-05-13 10:50:40"}
{"error":"\nInvalid `prisma.user.findUnique()` invocation in\nC:\\Users\\SAMAD\\OneDrive\\Documents\\uniProject\\server\\middlewares\\auth.js:50:36\n\n  47 // remember to remove the default later on !\n  48 \n  49 // Find user by ID and exclude password field\n→ 50 const user = await prisma.user.findUnique({\n       where: {\n         id: undefined,\n     ?   email?: String,\n     ?   matricNumber?: String,\n     ?   phoneNumber?: String,\n     ?   employeeId?: String,\n     ?   AND?: UserWhereInput | UserWhereInput[],\n     ?   OR?: UserWhereInput[],\n     ?   NOT?: UserWhereInput | UserWhereInput[],\n     ?   nameTitle?: StringNullableFilter | String | Null,\n     ?   name?: StringFilter | String,\n     ?   password?: StringFilter | String,\n     ?   role?: EnumUserRoleFilter | UserRole,\n     ?   facultyId?: StringNullableFilter | String | Null,\n     ?   departmentId?: StringNullableFilter | String | Null,\n     ?   level?: IntNullableFilter | Int | Null,\n     ?   resetPasswordToken?: StringNullableFilter | String | Null,\n     ?   resetPasswordExpires?: DateTimeNullableFilter | DateTime | Null,\n     ?   lastLoginIP?: StringNullableFilter | String | Null,\n     ?   accountStatus?: EnumAccountStatusFilter | AccountStatus,\n     ?   createdAt?: DateTimeFilter | DateTime,\n     ?   updatedAt?: DateTimeFilter | DateTime,\n     ?   specialization?: StringNullableFilter | String | Null,\n     ?   hireDate?: DateTimeNullableFilter | DateTime | Null,\n     ?   permissions?: EnumPermissionNullableListFilter,\n     ?   faculty?: FacultyNullableScalarRelationFilter | FacultyWhereInput | Null,\n     ?   department?: DepartmentNullableScalarRelationFilter | DepartmentWhereInput | Null,\n     ?   emergencyContacts?: EmergencyContactListRelationFilter,\n     ?   taughtCourses?: CourseListRelationFilter,\n     ?   headOfCourses?: CourseListRelationFilter,\n     ?   departmentHeadOf?: DepartmentNullableScalarRelationFilter | DepartmentWhereInput | Null,\n     ?   facultyHeadOf?: FacultyNullableScalarRelationFilter | FacultyWhereInput | Null,\n     ?   results?: ResultListRelationFilter,\n     ?   registrations?: RegistrationListRelationFilter,\n     ?   scores?: ScoreListRelationFilter,\n     ?   applicant?: ApplicantNullableScalarRelationFilter | ApplicantWhereInput | Null,\n     ?   courseLecturers?: CourseLecturerListRelationFilter\n       },\n       select: {\n         id: true,\n         name: true,\n         nameTitle: true,\n         email: true,\n         role: true,\n         matricNumber: true,\n         phoneNumber: true,\n         level: true,\n         facultyId: true,\n         departmentId: true,\n         accountStatus: true,\n         lastLoginIP: true,\n         createdAt: true,\n         updatedAt: true,\n         faculty: {\n           select: {\n             id: true,\n             name: true,\n             code: true\n           }\n         },\n         department: {\n           select: {\n             id: true,\n             name: true,\n             code: true\n           }\n         }\n       }\n     })\n\nArgument `where` of type UserWhereUniqueInput needs at least one of `id`, `email`, `matricNumber`, `phoneNumber` or `employeeId` arguments. Available options are marked with ?.","level":"error","message":"Authentication error","stack":"PrismaClientValidationError: \nInvalid `prisma.user.findUnique()` invocation in\nC:\\Users\\SAMAD\\OneDrive\\Documents\\uniProject\\server\\middlewares\\auth.js:50:36\n\n  47 // remember to remove the default later on !\n  48 \n  49 // Find user by ID and exclude password field\n→ 50 const user = await prisma.user.findUnique({\n       where: {\n         id: undefined,\n     ?   email?: String,\n     ?   matricNumber?: String,\n     ?   phoneNumber?: String,\n     ?   employeeId?: String,\n     ?   AND?: UserWhereInput | UserWhereInput[],\n     ?   OR?: UserWhereInput[],\n     ?   NOT?: UserWhereInput | UserWhereInput[],\n     ?   nameTitle?: StringNullableFilter | String | Null,\n     ?   name?: StringFilter | String,\n     ?   password?: StringFilter | String,\n     ?   role?: EnumUserRoleFilter | UserRole,\n     ?   facultyId?: StringNullableFilter | String | Null,\n     ?   departmentId?: StringNullableFilter | String | Null,\n     ?   level?: IntNullableFilter | Int | Null,\n     ?   resetPasswordToken?: StringNullableFilter | String | Null,\n     ?   resetPasswordExpires?: DateTimeNullableFilter | DateTime | Null,\n     ?   lastLoginIP?: StringNullableFilter | String | Null,\n     ?   accountStatus?: EnumAccountStatusFilter | AccountStatus,\n     ?   createdAt?: DateTimeFilter | DateTime,\n     ?   updatedAt?: DateTimeFilter | DateTime,\n     ?   specialization?: StringNullableFilter | String | Null,\n     ?   hireDate?: DateTimeNullableFilter | DateTime | Null,\n     ?   permissions?: EnumPermissionNullableListFilter,\n     ?   faculty?: FacultyNullableScalarRelationFilter | FacultyWhereInput | Null,\n     ?   department?: DepartmentNullableScalarRelationFilter | DepartmentWhereInput | Null,\n     ?   emergencyContacts?: EmergencyContactListRelationFilter,\n     ?   taughtCourses?: CourseListRelationFilter,\n     ?   headOfCourses?: CourseListRelationFilter,\n     ?   departmentHeadOf?: DepartmentNullableScalarRelationFilter | DepartmentWhereInput | Null,\n     ?   facultyHeadOf?: FacultyNullableScalarRelationFilter | FacultyWhereInput | Null,\n     ?   results?: ResultListRelationFilter,\n     ?   registrations?: RegistrationListRelationFilter,\n     ?   scores?: ScoreListRelationFilter,\n     ?   applicant?: ApplicantNullableScalarRelationFilter | ApplicantWhereInput | Null,\n     ?   courseLecturers?: CourseLecturerListRelationFilter\n       },\n       select: {\n         id: true,\n         name: true,\n         nameTitle: true,\n         email: true,\n         role: true,\n         matricNumber: true,\n         phoneNumber: true,\n         level: true,\n         facultyId: true,\n         departmentId: true,\n         accountStatus: true,\n         lastLoginIP: true,\n         createdAt: true,\n         updatedAt: true,\n         faculty: {\n           select: {\n             id: true,\n             name: true,\n             code: true\n           }\n         },\n         department: {\n           select: {\n             id: true,\n             name: true,\n             code: true\n           }\n         }\n       }\n     })\n\nArgument `where` of type UserWhereUniqueInput needs at least one of `id`, `email`, `matricNumber`, `phoneNumber` or `employeeId` arguments. Available options are marked with ?.\n    at ar (C:\\Users\\SAMAD\\OneDrive\\Documents\\uniProject\\server\\node_modules\\@prisma\\client\\runtime\\client.js:10:1374)\n    at zr.handleRequestError (C:\\Users\\SAMAD\\OneDrive\\Documents\\uniProject\\server\\node_modules\\@prisma\\client\\runtime\\client.js:65:7929)\n    at zr.handleAndLogRequestError (C:\\Users\\SAMAD\\OneDrive\\Documents\\uniProject\\server\\node_modules\\@prisma\\client\\runtime\\client.js:65:7581)\n    at zr.request (C:\\Users\\SAMAD\\OneDrive\\Documents\\uniProject\\server\\node_modules\\@prisma\\client\\runtime\\client.js:65:7288)\n    at process.processTicksAndRejections (node:internal/process/task_queues:103:5)\n    at async a (C:\\Users\\SAMAD\\OneDrive\\Documents\\uniProject\\server\\node_modules\\@prisma\\client\\runtime\\client.js:75:6862)\n    at async exports.verifyToken (C:\\Users\\SAMAD\\OneDrive\\Documents\\uniProject\\server\\middlewares\\auth.js:50:18)","timestamp":"2026-05-13 10:50:43"}
{"level":"info","message":"Shutting down gracefully...","timestamp":"2026-05-13 10:50:52"}
{"level":"info","message":"✅ Database connected successfully","timestamp":"2026-05-13 10:50:57"}
{"level":"info","message":"🚀 Server running on port 5000","timestamp":"2026-05-13 10:50:57"}
{"error":"\nInvalid `prisma.user.findUnique()` invocation in\nC:\\Users\\SAMAD\\OneDrive\\Documents\\uniProject\\server\\middlewares\\auth.js:50:36\n\n  47 // remember to remove the default later on !\n  48 \n  49 // Find user by ID and exclude password field\n→ 50 const user = await prisma.user.findUnique({\n       where: {\n         id: undefined,\n     ?   email?: String,\n     ?   matricNumber?: String,\n     ?   phoneNumber?: String,\n     ?   employeeId?: String,\n     ?   AND?: UserWhereInput | UserWhereInput[],\n     ?   OR?: UserWhereInput[],\n     ?   NOT?: UserWhereInput | UserWhereInput[],\n     ?   nameTitle?: StringNullableFilter | String | Null,\n     ?   name?: StringFilter | String,\n     ?   password?: StringFilter | String,\n     ?   role?: EnumUserRoleFilter | UserRole,\n     ?   facultyId?: StringNullableFilter | String | Null,\n     ?   departmentId?: StringNullableFilter | String | Null,\n     ?   level?: IntNullableFilter | Int | Null,\n     ?   resetPasswordToken?: StringNullableFilter | String | Null,\n     ?   resetPasswordExpires?: DateTimeNullableFilter | DateTime | Null,\n     ?   lastLoginIP?: StringNullableFilter | String | Null,\n     ?   accountStatus?: EnumAccountStatusFilter | AccountStatus,\n     ?   createdAt?: DateTimeFilter | DateTime,\n     ?   updatedAt?: DateTimeFilter | DateTime,\n     ?   specialization?: StringNullableFilter | String | Null,\n     ?   hireDate?: DateTimeNullableFilter | DateTime | Null,\n     ?   permissions?: EnumPermissionNullableListFilter,\n     ?   faculty?: FacultyNullableScalarRelationFilter | FacultyWhereInput | Null,\n     ?   department?: DepartmentNullableScalarRelationFilter | DepartmentWhereInput | Null,\n     ?   emergencyContacts?: EmergencyContactListRelationFilter,\n     ?   taughtCourses?: CourseListRelationFilter,\n     ?   headOfCourses?: CourseListRelationFilter,\n     ?   departmentHeadOf?: DepartmentNullableScalarRelationFilter | DepartmentWhereInput | Null,\n     ?   facultyHeadOf?: FacultyNullableScalarRelationFilter | FacultyWhereInput | Null,\n     ?   results?: ResultListRelationFilter,\n     ?   registrations?: RegistrationListRelationFilter,\n     ?   scores?: ScoreListRelationFilter,\n     ?   applicant?: ApplicantNullableScalarRelationFilter | ApplicantWhereInput | Null,\n     ?   courseLecturers?: CourseLecturerListRelationFilter\n       },\n       select: {\n         id: true,\n         name: true,\n         nameTitle: true,\n         email: true,\n         role: true,\n         matricNumber: true,\n         phoneNumber: true,\n         level: true,\n         facultyId: true,\n         departmentId: true,\n         accountStatus: true,\n         lastLoginIP: true,\n         createdAt: true,\n         updatedAt: true,\n         faculty: {\n           select: {\n             id: true,\n             name: true,\n             code: true\n           }\n         },\n         department: {\n           select: {\n             id: true,\n             name: true,\n             code: true\n           }\n         }\n       }\n     })\n\nArgument `where` of type UserWhereUniqueInput needs at least one of `id`, `email`, `matricNumber`, `phoneNumber` or `employeeId` arguments. Available options are marked with ?.","level":"error","message":"Authentication error","stack":"PrismaClientValidationError: \nInvalid `prisma.user.findUnique()` invocation in\nC:\\Users\\SAMAD\\OneDrive\\Documents\\uniProject\\server\\middlewares\\auth.js:50:36\n\n  47 // remember to remove the default later on !\n  48 \n  49 // Find user by ID and exclude password field\n→ 50 const user = await prisma.user.findUnique({\n       where: {\n         id: undefined,\n     ?   email?: String,\n     ?   matricNumber?: String,\n     ?   phoneNumber?: String,\n     ?   employeeId?: String,\n     ?   AND?: UserWhereInput | UserWhereInput[],\n     ?   OR?: UserWhereInput[],\n     ?   NOT?: UserWhereInput | UserWhereInput[],\n     ?   nameTitle?: StringNullableFilter | String | Null,\n     ?   name?: StringFilter | String,\n     ?   password?: StringFilter | String,\n     ?   role?: EnumUserRoleFilter | UserRole,\n     ?   facultyId?: StringNullableFilter | String | Null,\n     ?   departmentId?: StringNullableFilter | String | Null,\n     ?   level?: IntNullableFilter | Int | Null,\n     ?   resetPasswordToken?: StringNullableFilter | String | Null,\n     ?   resetPasswordExpires?: DateTimeNullableFilter | DateTime | Null,\n     ?   lastLoginIP?: StringNullableFilter | String | Null,\n     ?   accountStatus?: EnumAccountStatusFilter | AccountStatus,\n     ?   createdAt?: DateTimeFilter | DateTime,\n     ?   updatedAt?: DateTimeFilter | DateTime,\n     ?   specialization?: StringNullableFilter | String | Null,\n     ?   hireDate?: DateTimeNullableFilter | DateTime | Null,\n     ?   permissions?: EnumPermissionNullableListFilter,\n     ?   faculty?: FacultyNullableScalarRelationFilter | FacultyWhereInput | Null,\n     ?   department?: DepartmentNullableScalarRelationFilter | DepartmentWhereInput | Null,\n     ?   emergencyContacts?: EmergencyContactListRelationFilter,\n     ?   taughtCourses?: CourseListRelationFilter,\n     ?   headOfCourses?: CourseListRelationFilter,\n     ?   departmentHeadOf?: DepartmentNullableScalarRelationFilter | DepartmentWhereInput | Null,\n     ?   facultyHeadOf?: FacultyNullableScalarRelationFilter | FacultyWhereInput | Null,\n     ?   results?: ResultListRelationFilter,\n     ?   registrations?: RegistrationListRelationFilter,\n     ?   scores?: ScoreListRelationFilter,\n     ?   applicant?: ApplicantNullableScalarRelationFilter | ApplicantWhereInput | Null,\n     ?   courseLecturers?: CourseLecturerListRelationFilter\n       },\n       select: {\n         id: true,\n         name: true,\n         nameTitle: true,\n         email: true,\n         role: true,\n         matricNumber: true,\n         phoneNumber: true,\n         level: true,\n         facultyId: true,\n         departmentId: true,\n         accountStatus: true,\n         lastLoginIP: true,\n         createdAt: true,\n         updatedAt: true,\n         faculty: {\n           select: {\n             id: true,\n             name: true,\n             code: true\n           }\n         },\n         department: {\n           select: {\n             id: true,\n             name: true,\n             code: true\n           }\n         }\n       }\n     })\n\nArgument `where` of type UserWhereUniqueInput needs at least one of `id`, `email`, `matricNumber`, `phoneNumber` or `employeeId` arguments. Available options are marked with ?.\n    at ar (C:\\Users\\SAMAD\\OneDrive\\Documents\\uniProject\\server\\node_modules\\@prisma\\client\\runtime\\client.js:10:1374)\n    at zr.handleRequestError (C:\\Users\\SAMAD\\OneDrive\\Documents\\uniProject\\server\\node_modules\\@prisma\\client\\runtime\\client.js:65:7929)\n    at zr.handleAndLogRequestError (C:\\Users\\SAMAD\\OneDrive\\Documents\\uniProject\\server\\node_modules\\@prisma\\client\\runtime\\client.js:65:7581)\n    at zr.request (C:\\Users\\SAMAD\\OneDrive\\Documents\\uniProject\\server\\node_modules\\@prisma\\client\\runtime\\client.js:65:7288)\n    at process.processTicksAndRejections (node:internal/process/task_queues:103:5)\n    at async a (C:\\Users\\SAMAD\\OneDrive\\Documents\\uniProject\\server\\node_modules\\@prisma\\client\\runtime\\client.js:75:6862)\n    at async exports.verifyToken (C:\\Users\\SAMAD\\OneDrive\\Documents\\uniProject\\server\\middlewares\\auth.js:50:18)","timestamp":"2026-05-13 10:50:59"}
{"level":"info","message":"✅ Database connected successfully","timestamp":"2026-05-13 10:52:31"}
{"level":"info","message":"🚀 Server running on port 5000","timestamp":"2026-05-13 10:52:31"}
{"level":"info","message":"✅ Database connected successfully","timestamp":"2026-05-13 10:52:38"}
{"level":"info","message":"🚀 Server running on port 5000","timestamp":"2026-05-13 10:52:38"}
{"level":"info","message":"✅ Database connected successfully","timestamp":"2026-05-13 10:52:39"}
{"level":"info","message":"🚀 Server running on port 5000","timestamp":"2026-05-13 10:52:39"}
{"level":"info","message":"✅ Database connected successfully","timestamp":"2026-05-13 10:52:43"}
{"level":"info","message":"🚀 Server running on port 5000","timestamp":"2026-05-13 10:52:43"}
{"level":"info","message":"✅ Database connected successfully","timestamp":"2026-05-13 10:52:45"}
{"level":"info","message":"🚀 Server running on port 5000","timestamp":"2026-05-13 10:52:45"}
{"action":"AUTH_SUCCESS","details":{"method":"POST","url":"/lecturer"},"ip":"::ffff:127.0.0.1","level":"info","message":"Action: AUTH_SUCCESS by user cmozjg2tn0000xwd3v4q4qk6u","timestamp":"2026-05-13T09:52:48.093Z","userAgent":"Thunder Client (https://www.thunderclient.com)","userId":"cmozjg2tn0000xwd3v4q4qk6u"}
{"level":"info","message":"✅ Database connected successfully","timestamp":"2026-05-13 10:54:38"}
{"level":"info","message":"🚀 Server running on port 5000","timestamp":"2026-05-13 10:54:38"}
{"level":"info","message":"✅ Database connected successfully","timestamp":"2026-05-13 10:54:42"}
{"level":"info","message":"🚀 Server running on port 5000","timestamp":"2026-05-13 10:54:42"}
{"level":"info","message":"✅ Database connected successfully","timestamp":"2026-05-13 10:54:45"}
{"level":"info","message":"🚀 Server running on port 5000","timestamp":"2026-05-13 10:54:45"}
{"level":"info","message":"✅ Database connected successfully","timestamp":"2026-05-13 10:54:47"}
{"level":"info","message":"🚀 Server running on port 5000","timestamp":"2026-05-13 10:54:47"}
{"level":"info","message":"✅ Database connected successfully","timestamp":"2026-05-13 10:54:51"}
{"level":"info","message":"🚀 Server running on port 5000","timestamp":"2026-05-13 10:54:51"}
{"level":"info","message":"✅ Database connected successfully","timestamp":"2026-05-13 10:54:53"}
{"level":"info","message":"🚀 Server running on port 5000","timestamp":"2026-05-13 10:54:53"}
{"level":"info","message":"✅ Database connected successfully","timestamp":"2026-05-13 10:54:57"}
{"level":"info","message":"🚀 Server running on port 5000","timestamp":"2026-05-13 10:54:57"}
{"level":"info","message":"✅ Database connected successfully","timestamp":"2026-05-13 10:55:10"}
{"level":"info","message":"🚀 Server running on port 5000","timestamp":"2026-05-13 10:55:10"}
{"level":"info","message":"✅ Database connected successfully","timestamp":"2026-05-13 10:55:18"}
{"level":"info","message":"🚀 Server running on port 5000","timestamp":"2026-05-13 10:55:18"}
{"level":"info","message":"✅ Database connected successfully","timestamp":"2026-05-13 10:55:23"}
{"level":"info","message":"🚀 Server running on port 5000","timestamp":"2026-05-13 10:55:23"}
{"level":"info","message":"✅ Database connected successfully","timestamp":"2026-05-13 10:56:00"}
{"level":"info","message":"🚀 Server running on port 5000","timestamp":"2026-05-13 10:56:00"}
{"level":"info","message":"✅ Database connected successfully","timestamp":"2026-05-13 10:56:07"}
{"level":"info","message":"🚀 Server running on port 5000","timestamp":"2026-05-13 10:56:07"}
{"level":"info","message":"✅ Database connected successfully","timestamp":"2026-05-13 10:56:09"}
{"level":"info","message":"🚀 Server running on port 5000","timestamp":"2026-05-13 10:56:09"}
{"level":"info","message":"✅ Database connected successfully","timestamp":"2026-05-13 10:56:11"}
{"level":"info","message":"🚀 Server running on port 5000","timestamp":"2026-05-13 10:56:11"}
{"level":"info","message":"✅ Database connected successfully","timestamp":"2026-05-13 10:56:13"}
{"level":"info","message":"🚀 Server running on port 5000","timestamp":"2026-05-13 10:56:13"}
{"action":"AUTH_SUCCESS","details":{"method":"GET","url":"//department-head"},"ip":"::ffff:127.0.0.1","level":"info","message":"Action: AUTH_SUCCESS by user cmozjg2tn0000xwd3v4q4qk6u","timestamp":"2026-05-13T10:01:44.847Z","userAgent":"Thunder Client (https://www.thunderclient.com)","userId":"cmozjg2tn0000xwd3v4q4qk6u"}
{"action":"AUTH_SUCCESS","details":{"method":"POST","url":"/department-head"},"ip":"::ffff:127.0.0.1","level":"info","message":"Action: AUTH_SUCCESS by user cmozjg2tn0000xwd3v4q4qk6u","timestamp":"2026-05-13T10:02:11.810Z","userAgent":"Thunder Client (https://www.thunderclient.com)","userId":"cmozjg2tn0000xwd3v4q4qk6u"}
{"level":"info","message":"✅ Database connected successfully","timestamp":"2026-05-13 11:03:18"}
{"level":"info","message":"🚀 Server running on port 5000","timestamp":"2026-05-13 11:03:18"}
{"level":"info","message":"✅ Database connected successfully","timestamp":"2026-05-13 11:03:22"}
{"level":"info","message":"🚀 Server running on port 5000","timestamp":"2026-05-13 11:03:22"}
{"level":"info","message":"✅ Database connected successfully","timestamp":"2026-05-13 11:03:28"}
{"level":"info","message":"🚀 Server running on port 5000","timestamp":"2026-05-13 11:03:28"}
{"level":"info","message":"✅ Database connected successfully","timestamp":"2026-05-13 11:03:31"}
{"level":"info","message":"🚀 Server running on port 5000","timestamp":"2026-05-13 11:03:31"}
{"action":"AUTH_SUCCESS","details":{"method":"POST","url":"/faculty-head"},"ip":"::ffff:127.0.0.1","level":"info","message":"Action: AUTH_SUCCESS by user cmozjg2tn0000xwd3v4q4qk6u","timestamp":"2026-05-13T10:07:15.066Z","userAgent":"Thunder Client (https://www.thunderclient.com)","userId":"cmozjg2tn0000xwd3v4q4qk6u"}
{"action":"AUTH_SUCCESS","details":{"method":"POST","url":"/faculty-head"},"ip":"::ffff:127.0.0.1","level":"info","message":"Action: AUTH_SUCCESS by user cmozjg2tn0000xwd3v4q4qk6u","timestamp":"2026-05-13T10:08:07.348Z","userAgent":"Thunder Client (https://www.thunderclient.com)","userId":"cmozjg2tn0000xwd3v4q4qk6u"}
{"action":"AUTH_SUCCESS","details":{"method":"POST","url":"/faculty-head"},"ip":"::ffff:127.0.0.1","level":"info","message":"Action: AUTH_SUCCESS by user cmozjg2tn0000xwd3v4q4qk6u","timestamp":"2026-05-13T10:09:01.466Z","userAgent":"Thunder Client (https://www.thunderclient.com)","userId":"cmozjg2tn0000xwd3v4q4qk6u"}
{"action":"AUTH_SUCCESS","details":{"method":"POST","url":"/faculty-head"},"ip":"::ffff:127.0.0.1","level":"info","message":"Action: AUTH_SUCCESS by user cmozjg2tn0000xwd3v4q4qk6u","timestamp":"2026-05-13T10:09:40.589Z","userAgent":"Thunder Client (https://www.thunderclient.com)","userId":"cmozjg2tn0000xwd3v4q4qk6u"}
{"action":"AUTH_SUCCESS","details":{"method":"POST","url":"/faculty-head"},"ip":"::ffff:127.0.0.1","level":"info","message":"Action: AUTH_SUCCESS by user cmozjg2tn0000xwd3v4q4qk6u","timestamp":"2026-05-13T10:09:54.727Z","userAgent":"Thunder Client (https://www.thunderclient.com)","userId":"cmozjg2tn0000xwd3v4q4qk6u"}
{"action":"AUTH_SUCCESS","details":{"method":"POST","url":"/faculty-head"},"ip":"::ffff:127.0.0.1","level":"info","message":"Action: AUTH_SUCCESS by user cmozjg2tn0000xwd3v4q4qk6u","timestamp":"2026-05-13T10:10:30.955Z","userAgent":"Thunder Client (https://www.thunderclient.com)","userId":"cmozjg2tn0000xwd3v4q4qk6u"}
{"action":"AUTH_SUCCESS","details":{"method":"POST","url":"/faculty-head"},"ip":"::ffff:127.0.0.1","level":"info","message":"Action: AUTH_SUCCESS by user cmozjg2tn0000xwd3v4q4qk6u","timestamp":"2026-05-13T10:11:44.798Z","userAgent":"Thunder Client (https://www.thunderclient.com)","userId":"cmozjg2tn0000xwd3v4q4qk6u"}
{"action":"AUTH_SUCCESS","details":{"method":"POST","url":"/faculty-head"},"ip":"::ffff:127.0.0.1","level":"info","message":"Action: AUTH_SUCCESS by user cmozjg2tn0000xwd3v4q4qk6u","timestamp":"2026-05-13T10:11:59.998Z","userAgent":"Thunder Client (https://www.thunderclient.com)","userId":"cmozjg2tn0000xwd3v4q4qk6u"}
{"level":"info","message":"✅ Database connected successfully","timestamp":"2026-05-13 11:14:34"}
{"level":"info","message":"🚀 Server running on port 5000","timestamp":"2026-05-13 11:14:34"}
{"action":"AUTH_SUCCESS","details":{"method":"POST","url":"/faculty-head"},"ip":"::ffff:127.0.0.1","level":"info","message":"Action: AUTH_SUCCESS by user cmozjg2tn0000xwd3v4q4qk6u","timestamp":"2026-05-13T10:14:58.318Z","userAgent":"Thunder Client (https://www.thunderclient.com)","userId":"cmozjg2tn0000xwd3v4q4qk6u"}
{"action":"AUTH_SUCCESS","details":{"method":"POST","url":"/faculty-head"},"ip":"::ffff:127.0.0.1","level":"info","message":"Action: AUTH_SUCCESS by user cmozjg2tn0000xwd3v4q4qk6u","timestamp":"2026-05-13T10:15:06.566Z","userAgent":"Thunder Client (https://www.thunderclient.com)","userId":"cmozjg2tn0000xwd3v4q4qk6u"}
{"level":"info","message":"✅ Database connected successfully","timestamp":"2026-05-13 11:18:05"}
{"level":"info","message":"🚀 Server running on port 5000","timestamp":"2026-05-13 11:18:05"}
{"action":"AUTH_SUCCESS","details":{"method":"POST","url":"/faculty-head"},"ip":"::ffff:127.0.0.1","level":"info","message":"Action: AUTH_SUCCESS by user cmozjg2tn0000xwd3v4q4qk6u","timestamp":"2026-05-13T10:18:10.814Z","userAgent":"Thunder Client (https://www.thunderclient.com)","userId":"cmozjg2tn0000xwd3v4q4qk6u"}
{"level":"info","message":"✅ Database connected successfully","timestamp":"2026-05-13 11:18:30"}
{"level":"info","message":"🚀 Server running on port 5000","timestamp":"2026-05-13 11:18:30"}
{"level":"info","message":"✅ Database connected successfully","timestamp":"2026-05-13 11:18:38"}
{"level":"info","message":"🚀 Server running on port 5000","timestamp":"2026-05-13 11:18:38"}
{"level":"info","message":"✅ Database connected successfully","timestamp":"2026-05-13 11:18:42"}
{"level":"info","message":"🚀 Server running on port 5000","timestamp":"2026-05-13 11:18:42"}
{"action":"AUTH_SUCCESS","details":{"method":"GET","url":"/lecturers"},"ip":"::ffff:127.0.0.1","level":"info","message":"Action: AUTH_SUCCESS by user cmozjg2tn0000xwd3v4q4qk6u","timestamp":"2026-05-13T10:20:50.852Z","userAgent":"Thunder Client (https://www.thunderclient.com)","userId":"cmozjg2tn0000xwd3v4q4qk6u"}
{"level":"info","message":"✅ Database connected successfully","timestamp":"2026-05-13 11:21:50"}
{"level":"info","message":"🚀 Server running on port 5000","timestamp":"2026-05-13 11:21:50"}
{"action":"AUTH_SUCCESS","details":{"method":"GET","url":"/department-heads"},"ip":"::ffff:127.0.0.1","level":"info","message":"Action: AUTH_SUCCESS by user cmozjg2tn0000xwd3v4q4qk6u","timestamp":"2026-05-13T10:23:13.835Z","userAgent":"Thunder Client (https://www.thunderclient.com)","userId":"cmozjg2tn0000xwd3v4q4qk6u"}
{"level":"info","message":"✅ Database connected successfully","timestamp":"2026-05-13 11:23:40"}
{"level":"info","message":"🚀 Server running on port 5000","timestamp":"2026-05-13 11:23:40"}
{"action":"AUTH_SUCCESS","details":{"method":"GET","url":"/faculty-heads"},"ip":"::ffff:127.0.0.1","level":"info","message":"Action: AUTH_SUCCESS by user cmozjg2tn0000xwd3v4q4qk6u","timestamp":"2026-05-13T10:25:02.097Z","userAgent":"Thunder Client (https://www.thunderclient.com)","userId":"cmozjg2tn0000xwd3v4q4qk6u"}
{"level":"info","message":"✅ Database connected successfully","timestamp":"2026-05-13 11:25:23"}
{"level":"info","message":"🚀 Server running on port 5000","timestamp":"2026-05-13 11:25:23"}
{"level":"info","message":"✅ Database connected successfully","timestamp":"2026-05-13 11:25:31"}
{"level":"info","message":"🚀 Server running on port 5000","timestamp":"2026-05-13 11:25:31"}
{"level":"info","message":"✅ Database connected successfully","timestamp":"2026-05-13 11:25:45"}
{"level":"info","message":"🚀 Server running on port 5000","timestamp":"2026-05-13 11:25:45"}
{"level":"info","message":"✅ Database connected successfully","timestamp":"2026-05-13 11:28:18"}
{"level":"info","message":"🚀 Server running on port 5000","timestamp":"2026-05-13 11:28:18"}
{"level":"info","message":"✅ Database connected successfully","timestamp":"2026-05-13 11:28:19"}
{"level":"info","message":"🚀 Server running on port 5000","timestamp":"2026-05-13 11:28:19"}
{"level":"info","message":"✅ Database connected successfully","timestamp":"2026-05-13 11:28:29"}
{"level":"info","message":"🚀 Server running on port 5000","timestamp":"2026-05-13 11:28:29"}
{"level":"info","message":"✅ Database connected successfully","timestamp":"2026-05-13 11:28:36"}
{"level":"info","message":"🚀 Server running on port 5000","timestamp":"2026-05-13 11:28:36"}
{"level":"info","message":"✅ Database connected successfully","timestamp":"2026-05-13 11:28:38"}
{"level":"info","message":"🚀 Server running on port 5000","timestamp":"2026-05-13 11:28:38"}
{"level":"info","message":"✅ Database connected successfully","timestamp":"2026-05-13 11:28:45"}
{"level":"info","message":"🚀 Server running on port 5000","timestamp":"2026-05-13 11:28:45"}
{"level":"info","message":"✅ Database connected successfully","timestamp":"2026-05-13 11:28:52"}
{"level":"info","message":"🚀 Server running on port 5000","timestamp":"2026-05-13 11:28:52"}
{"level":"info","message":"✅ Database connected successfully","timestamp":"2026-05-13 11:28:55"}
{"level":"info","message":"🚀 Server running on port 5000","timestamp":"2026-05-13 11:28:55"}
{"level":"info","message":"✅ Database connected successfully","timestamp":"2026-05-13 11:29:00"}
{"level":"info","message":"🚀 Server running on port 5000","timestamp":"2026-05-13 11:29:00"}
{"level":"info","message":"✅ Database connected successfully","timestamp":"2026-05-13 11:29:54"}
{"level":"info","message":"🚀 Server running on port 5000","timestamp":"2026-05-13 11:29:54"}
{"level":"info","message":"✅ Database connected successfully","timestamp":"2026-05-13 11:30:40"}
{"level":"info","message":"🚀 Server running on port 5000","timestamp":"2026-05-13 11:30:40"}
{"level":"info","message":"✅ Database connected successfully","timestamp":"2026-05-13 11:30:44"}
{"level":"info","message":"🚀 Server running on port 5000","timestamp":"2026-05-13 11:30:44"}
{"level":"info","message":"✅ Database connected successfully","timestamp":"2026-05-13 11:30:48"}
{"level":"info","message":"🚀 Server running on port 5000","timestamp":"2026-05-13 11:30:48"}
{"level":"info","message":"✅ Database connected successfully","timestamp":"2026-05-13 11:30:52"}
{"level":"info","message":"🚀 Server running on port 5000","timestamp":"2026-05-13 11:30:52"}
{"level":"info","message":"✅ Database connected successfully","timestamp":"2026-05-13 11:30:57"}
{"level":"info","message":"🚀 Server running on port 5000","timestamp":"2026-05-13 11:30:57"}
{"level":"info","message":"✅ Database connected successfully","timestamp":"2026-05-13 11:31:01"}
{"level":"info","message":"🚀 Server running on port 5000","timestamp":"2026-05-13 11:31:01"}
{"level":"info","message":"✅ Database connected successfully","timestamp":"2026-05-13 11:31:03"}
{"level":"info","message":"🚀 Server running on port 5000","timestamp":"2026-05-13 11:31:03"}
{"level":"info","message":"✅ Database connected successfully","timestamp":"2026-05-13 11:31:40"}
{"level":"info","message":"🚀 Server running on port 5000","timestamp":"2026-05-13 11:31:40"}
{"error":"Unexpected token '\"', \"\"{\\n  \\\"ti\"... is not valid JSON","ip":"::ffff:127.0.0.1","level":"error","message":"Error in POST /api/admin/course: Unexpected token '\"', \"\"{\\n  \\\"ti\"... is not valid JSON","method":"POST","stack":"SyntaxError: Unexpected token '\"', \"\"{\\n  \\\"ti\"... is not valid JSON\n    at JSON.parse (<anonymous>)\n    at createStrictSyntaxError (C:\\Users\\SAMAD\\OneDrive\\Documents\\uniProject\\server\\node_modules\\body-parser\\lib\\types\\json.js:109:10)\n    at parse (C:\\Users\\SAMAD\\OneDrive\\Documents\\uniProject\\server\\node_modules\\body-parser\\lib\\types\\json.js:66:15)\n    at C:\\Users\\SAMAD\\OneDrive\\Documents\\uniProject\\server\\node_modules\\body-parser\\lib\\read.js:162:18\n    at AsyncResource.runInAsyncScope (node:async_hooks:214:14)\n    at invokeCallback (C:\\Users\\SAMAD\\OneDrive\\Documents\\uniProject\\server\\node_modules\\raw-body\\index.js:238:16)\n    at done (C:\\Users\\SAMAD\\OneDrive\\Documents\\uniProject\\server\\node_modules\\raw-body\\index.js:227:7)\n    at IncomingMessage.onEnd (C:\\Users\\SAMAD\\OneDrive\\Documents\\uniProject\\server\\node_modules\\raw-body\\index.js:287:7)\n    at IncomingMessage.emit (node:events:508:28)\n    at endReadableNT (node:internal/streams/readable:1701:12)","timestamp":"2026-05-13 11:39:42","url":"/api/admin/course"}
{"error":"Unexpected token '\"', \"\"{\\n  \\\"ti\"... is not valid JSON","level":"error","message":"unhandled error","method":"POST","stack":"SyntaxError: Unexpected token '\"', \"\"{\\n  \\\"ti\"... is not valid JSON\n    at JSON.parse (<anonymous>)\n    at createStrictSyntaxError (C:\\Users\\SAMAD\\OneDrive\\Documents\\uniProject\\server\\node_modules\\body-parser\\lib\\types\\json.js:109:10)\n    at parse (C:\\Users\\SAMAD\\OneDrive\\Documents\\uniProject\\server\\node_modules\\body-parser\\lib\\types\\json.js:66:15)\n    at C:\\Users\\SAMAD\\OneDrive\\Documents\\uniProject\\server\\node_modules\\body-parser\\lib\\read.js:162:18\n    at AsyncResource.runInAsyncScope (node:async_hooks:214:14)\n    at invokeCallback (C:\\Users\\SAMAD\\OneDrive\\Documents\\uniProject\\server\\node_modules\\raw-body\\index.js:238:16)\n    at done (C:\\Users\\SAMAD\\OneDrive\\Documents\\uniProject\\server\\node_modules\\raw-body\\index.js:227:7)\n    at IncomingMessage.onEnd (C:\\Users\\SAMAD\\OneDrive\\Documents\\uniProject\\server\\node_modules\\raw-body\\index.js:287:7)\n    at IncomingMessage.emit (node:events:508:28)\n    at endReadableNT (node:internal/streams/readable:1701:12)","timestamp":"2026-05-13 11:39:42","url":"/api/admin/course"}
{"error":"Unexpected token '\"', \"\"{\\n  \\\"ti\"... is not valid JSON","ip":"::ffff:127.0.0.1","level":"error","message":"Error in POST /api/admin/course: Unexpected token '\"', \"\"{\\n  \\\"ti\"... is not valid JSON","method":"POST","stack":"SyntaxError: Unexpected token '\"', \"\"{\\n  \\\"ti\"... is not valid JSON\n    at JSON.parse (<anonymous>)\n    at createStrictSyntaxError (C:\\Users\\SAMAD\\OneDrive\\Documents\\uniProject\\server\\node_modules\\body-parser\\lib\\types\\json.js:109:10)\n    at parse (C:\\Users\\SAMAD\\OneDrive\\Documents\\uniProject\\server\\node_modules\\body-parser\\lib\\types\\json.js:66:15)\n    at C:\\Users\\SAMAD\\OneDrive\\Documents\\uniProject\\server\\node_modules\\body-parser\\lib\\read.js:162:18\n    at AsyncResource.runInAsyncScope (node:async_hooks:214:14)\n    at invokeCallback (C:\\Users\\SAMAD\\OneDrive\\Documents\\uniProject\\server\\node_modules\\raw-body\\index.js:238:16)\n    at done (C:\\Users\\SAMAD\\OneDrive\\Documents\\uniProject\\server\\node_modules\\raw-body\\index.js:227:7)\n    at IncomingMessage.onEnd (C:\\Users\\SAMAD\\OneDrive\\Documents\\uniProject\\server\\node_modules\\raw-body\\index.js:287:7)\n    at IncomingMessage.emit (node:events:508:28)\n    at endReadableNT (node:internal/streams/readable:1701:12)","timestamp":"2026-05-13 11:40:08","url":"/api/admin/course"}
{"error":"Unexpected token '\"', \"\"{\\n  \\\"ti\"... is not valid JSON","level":"error","message":"unhandled error","method":"POST","stack":"SyntaxError: Unexpected token '\"', \"\"{\\n  \\\"ti\"... is not valid JSON\n    at JSON.parse (<anonymous>)\n    at createStrictSyntaxError (C:\\Users\\SAMAD\\OneDrive\\Documents\\uniProject\\server\\node_modules\\body-parser\\lib\\types\\json.js:109:10)\n    at parse (C:\\Users\\SAMAD\\OneDrive\\Documents\\uniProject\\server\\node_modules\\body-parser\\lib\\types\\json.js:66:15)\n    at C:\\Users\\SAMAD\\OneDrive\\Documents\\uniProject\\server\\node_modules\\body-parser\\lib\\read.js:162:18\n    at AsyncResource.runInAsyncScope (node:async_hooks:214:14)\n    at invokeCallback (C:\\Users\\SAMAD\\OneDrive\\Documents\\uniProject\\server\\node_modules\\raw-body\\index.js:238:16)\n    at done (C:\\Users\\SAMAD\\OneDrive\\Documents\\uniProject\\server\\node_modules\\raw-body\\index.js:227:7)\n    at IncomingMessage.onEnd (C:\\Users\\SAMAD\\OneDrive\\Documents\\uniProject\\server\\node_modules\\raw-body\\index.js:287:7)\n    at IncomingMessage.emit (node:events:508:28)\n    at endReadableNT (node:internal/streams/readable:1701:12)","timestamp":"2026-05-13 11:40:08","url":"/api/admin/course"}
{"action":"AUTH_SUCCESS","details":{"method":"POST","url":"/course"},"ip":"::ffff:127.0.0.1","level":"info","message":"Action: AUTH_SUCCESS by user cmozjg2tn0000xwd3v4q4qk6u","timestamp":"2026-05-13T10:40:27.338Z","userAgent":"Thunder Client (https://www.thunderclient.com)","userId":"cmozjg2tn0000xwd3v4q4qk6u"}
{"action":"AUTH_SUCCESS","details":{"method":"POST","url":"/course"},"ip":"::ffff:127.0.0.1","level":"info","message":"Action: AUTH_SUCCESS by user cmozjg2tn0000xwd3v4q4qk6u","timestamp":"2026-05-13T10:41:19.353Z","userAgent":"Thunder Client (https://www.thunderclient.com)","userId":"cmozjg2tn0000xwd3v4q4qk6u"}
{"action":"AUTH_SUCCESS","details":{"method":"POST","url":"/course"},"ip":"::ffff:127.0.0.1","level":"info","message":"Action: AUTH_SUCCESS by user cmozjg2tn0000xwd3v4q4qk6u","timestamp":"2026-05-13T10:41:31.932Z","userAgent":"Thunder Client (https://www.thunderclient.com)","userId":"cmozjg2tn0000xwd3v4q4qk6u"}
{"level":"info","message":"✅ Database connected successfully","timestamp":"2026-05-13 11:42:31"}
{"level":"info","message":"🚀 Server running on port 5000","timestamp":"2026-05-13 11:42:31"}
{"level":"info","message":"✅ Database connected successfully","timestamp":"2026-05-13 11:42:37"}
{"level":"info","message":"🚀 Server running on port 5000","timestamp":"2026-05-13 11:42:37"}
